<?xml version="1.0" encoding="UTF-8"?>
<testng-results ignored="0" total="2" passed="1" failed="1" skipped="0">
    <reporter-output>
    </reporter-output>
    <suite started-at="2023-01-25T19:21:37 CST" name="Default suite" finished-at="2023-01-25T19:22:13 CST"
           duration-ms="36977">
        <groups>
        </groups>
        <test started-at="2023-01-25T19:21:37 CST" name="Default test" finished-at="2023-01-25T19:22:13 CST"
              duration-ms="36977">
            <class name="com.DSAlgo.qa.testcase.RegisterPageTest">
                <test-method is-config="true"
                             signature="setup()[pri:0, instance:com.DSAlgo.qa.testcase.RegisterPageTest@5e2c3d18]"
                             started-at="2023-01-25T19:21:37 CST" name="setup" finished-at="2023-01-25T19:21:49 CST"
                             duration-ms="12362" status="PASS">
                    <reporter-output>
                    </reporter-output>
                </test-method> <!-- setup -->
                <test-method
                        signature="VerifyUserLandedRegisterPageTest()[pri:1, instance:com.DSAlgo.qa.testcase.RegisterPageTest@5e2c3d18]"
                        started-at="2023-01-25T19:21:49 CST" name="VerifyUserLandedRegisterPageTest"
                        finished-at="2023-01-25T19:21:49 CST" duration-ms="26" status="PASS">
                    <reporter-output>
                    </reporter-output>
                </test-method> <!-- VerifyUserLandedRegisterPageTest -->
                <test-method
                        signature="verifyRegisterWithAllFieldEmpty()[pri:2, instance:com.DSAlgo.qa.testcase.RegisterPageTest@5e2c3d18]"
                        started-at="2023-01-25T19:21:49 CST" name="verifyRegisterWithAllFieldEmpty"
                        finished-at="2023-01-25T19:22:13 CST" duration-ms="24133" status="FAIL">
                    <exception class="org.openqa.selenium.NoSuchWindowException">
                        <message>
                            <![CDATA[no such window: target window already closed
from unknown error: web view not found
  (Session info: MicrosoftEdge=109.0.1518.61)
Build info: version: '4.7.2', revision: '4d4020c3b7'
System info: os.name: 'Windows 10', os.arch: 'amd64', os.version: '10.0', java.version: '11.0.16.1'
Driver info: org.openqa.selenium.edge.EdgeDriver
Command: [6ece608136859505fcf474ac2b753eec, findElement {using=css selector, value=*[name='UserNameEmptyMsg']}]
Capabilities {acceptInsecureCerts: false, browserName: msedge, browserVersion: 109.0.1518.61, ms:edgeOptions: {debuggerAddress: localhost:53056}, msedge: {msedgedriverVersion: 109.0.1518.61 (354b36f96bab..., userDataDir: C:\Users\shubh\AppData\Loca...}, networkConnectionEnabled: false, pageLoadStrategy: normal, platformName: WINDOWS, proxy: Proxy(), se:cdp: ws://localhost:53056/devtoo..., se:cdpVersion: 109.0.1518.61, setWindowRect: true, strictFileInteractability: false, timeouts: {implicit: 0, pageLoad: 300000, script: 30000}, unhandledPromptBehavior: dismiss and notify, webauthn:extension:credBlob: true, webauthn:extension:largeBlob: true, webauthn:virtualAuthenticators: true}
Session ID: 6ece608136859505fcf474ac2b753eec]]>
                        </message>
                        <full-stacktrace>
                            <![CDATA[org.openqa.selenium.NoSuchWindowException: no such window: target window already closed
from unknown error: web view not found
  (Session info: MicrosoftEdge=109.0.1518.61)
Build info: version: '4.7.2', revision: '4d4020c3b7'
System info: os.name: 'Windows 10', os.arch: 'amd64', os.version: '10.0', java.version: '11.0.16.1'
Driver info: org.openqa.selenium.edge.EdgeDriver
Command: [6ece608136859505fcf474ac2b753eec, findElement {using=css selector, value=*[name='UserNameEmptyMsg']}]
Capabilities {acceptInsecureCerts: false, browserName: msedge, browserVersion: 109.0.1518.61, ms:edgeOptions: {debuggerAddress: localhost:53056}, msedge: {msedgedriverVersion: 109.0.1518.61 (354b36f96bab..., userDataDir: C:\Users\shubh\AppData\Loca...}, networkConnectionEnabled: false, pageLoadStrategy: normal, platformName: WINDOWS, proxy: Proxy(), se:cdp: ws://localhost:53056/devtoo..., se:cdpVersion: 109.0.1518.61, setWindowRect: true, strictFileInteractability: false, timeouts: {implicit: 0, pageLoad: 300000, script: 30000}, unhandledPromptBehavior: dismiss and notify, webauthn:extension:credBlob: true, webauthn:extension:largeBlob: true, webauthn:virtualAuthenticators: true}
Session ID: 6ece608136859505fcf474ac2b753eec
at java.base/jdk.internal.reflect.NativeConstructorAccessorImpl.newInstance0(Native Method)
at java.base/jdk.internal.reflect.NativeConstructorAccessorImpl.newInstance(NativeConstructorAccessorImpl.java:62)
at java.base/jdk.internal.reflect.DelegatingConstructorAccessorImpl.newInstance(DelegatingConstructorAccessorImpl.java:45)
at java.base/java.lang.reflect.Constructor.newInstance(Constructor.java:490)
at org.openqa.selenium.remote.codec.w3c.W3CHttpResponseCodec.createException(W3CHttpResponseCodec.java:200)
at org.openqa.selenium.remote.codec.w3c.W3CHttpResponseCodec.decode(W3CHttpResponseCodec.java:133)
at org.openqa.selenium.remote.codec.w3c.W3CHttpResponseCodec.decode(W3CHttpResponseCodec.java:53)
at org.openqa.selenium.remote.HttpCommandExecutor.execute(HttpCommandExecutor.java:184)
at org.openqa.selenium.remote.service.DriverCommandExecutor.invokeExecute(DriverCommandExecutor.java:167)
at org.openqa.selenium.remote.service.DriverCommandExecutor.execute(DriverCommandExecutor.java:142)
at org.openqa.selenium.remote.RemoteWebDriver.execute(RemoteWebDriver.java:535)
at org.openqa.selenium.remote.ElementLocation$ElementFinder$2.findElement(ElementLocation.java:162)
at org.openqa.selenium.remote.ElementLocation.findElement(ElementLocation.java:60)
at org.openqa.selenium.remote.RemoteWebDriver.findElement(RemoteWebDriver.java:351)
at org.openqa.selenium.remote.RemoteWebDriver.findElement(RemoteWebDriver.java:343)
at org.openqa.selenium.By$PreW3CLocator.findElement(By.java:429)
at org.openqa.selenium.By$ByName.findElement(By.java:238)
at org.openqa.selenium.support.ByIdOrName.findElement(ByIdOrName.java:50)
at org.openqa.selenium.remote.ElementLocation$ElementFinder$1.findElement(ElementLocation.java:136)
at org.openqa.selenium.remote.ElementLocation.findElement(ElementLocation.java:80)
at org.openqa.selenium.remote.RemoteWebDriver.findElement(RemoteWebDriver.java:351)
at org.openqa.selenium.remote.RemoteWebDriver.findElement(RemoteWebDriver.java:343)
at org.openqa.selenium.support.pagefactory.DefaultElementLocator.findElement(DefaultElementLocator.java:70)
at org.openqa.selenium.support.pagefactory.internal.LocatingElementHandler.invoke(LocatingElementHandler.java:39)
at com.sun.proxy.$Proxy30.isDisplayed(Unknown Source)
at com.DSAlgo.qa.pages.RegisterPage.UserNameEmptyMsgisDisplayed(RegisterPage.java:44)
at com.DSAlgo.qa.testcase.RegisterPageTest.verifyRegisterWithAllFieldEmpty(RegisterPageTest.java:53)
at java.base/jdk.internal.reflect.NativeMethodAccessorImpl.invoke0(Native Method)
at java.base/jdk.internal.reflect.NativeMethodAccessorImpl.invoke(NativeMethodAccessorImpl.java:62)
at java.base/jdk.internal.reflect.DelegatingMethodAccessorImpl.invoke(DelegatingMethodAccessorImpl.java:43)
at java.base/java.lang.reflect.Method.invoke(Method.java:566)
at org.testng.internal.invokers.MethodInvocationHelper.invokeMethod(MethodInvocationHelper.java:139)
at org.testng.internal.invokers.TestInvoker.invokeMethod(TestInvoker.java:677)
at org.testng.internal.invokers.TestInvoker.invokeTestMethod(TestInvoker.java:221)
at org.testng.internal.invokers.MethodRunner.runInSequence(MethodRunner.java:50)
at org.testng.internal.invokers.TestInvoker$MethodInvocationAgent.invoke(TestInvoker.java:969)
at org.testng.internal.invokers.TestInvoker.invokeTestMethods(TestInvoker.java:194)
at org.testng.internal.invokers.TestMethodWorker.invokeTestMethods(TestMethodWorker.java:148)
at org.testng.internal.invokers.TestMethodWorker.run(TestMethodWorker.java:128)
at java.base/java.util.ArrayList.forEach(ArrayList.java:1541)
at org.testng.TestRunner.privateRun(TestRunner.java:829)
at org.testng.TestRunner.run(TestRunner.java:602)
at org.testng.SuiteRunner.runTest(SuiteRunner.java:437)
at org.testng.SuiteRunner.runSequentially(SuiteRunner.java:431)
at org.testng.SuiteRunner.privateRun(SuiteRunner.java:391)
at org.testng.SuiteRunner.run(SuiteRunner.java:330)
at org.testng.SuiteRunnerWorker.runSuite(SuiteRunnerWorker.java:52)
at org.testng.SuiteRunnerWorker.run(SuiteRunnerWorker.java:95)
at org.testng.TestNG.runSuitesSequentially(TestNG.java:1256)
at org.testng.TestNG.runSuitesLocally(TestNG.java:1176)
at org.testng.TestNG.runSuites(TestNG.java:1099)
at org.testng.TestNG.run(TestNG.java:1067)
at org.testng.remote.AbstractRemoteTestNG.run(AbstractRemoteTestNG.java:115)
at org.testng.remote.RemoteTestNG.initAndRun(RemoteTestNG.java:251)
at org.testng.remote.RemoteTestNG.main(RemoteTestNG.java:77)
]]>
                        </full-stacktrace>
                    </exception> <!-- org.openqa.selenium.NoSuchWindowException -->
                    <reporter-output>
                    </reporter-output>
                </test-method> <!-- verifyRegisterWithAllFieldEmpty -->
                <test-method is-config="true"
                             signature="tearDown()[pri:0, instance:com.DSAlgo.qa.testcase.RegisterPageTest@5e2c3d18]"
                             started-at="2023-01-25T19:22:13 CST" name="tearDown" finished-at="2023-01-25T19:22:13 CST"
                             duration-ms="393" status="PASS">
                    <reporter-output>
                    </reporter-output>
                </test-method> <!-- tearDown -->
            </class> <!-- com.DSAlgo.qa.testcase.RegisterPageTest -->
        </test> <!-- Default test -->
    </suite> <!-- Default suite -->
</testng-results>
